<?xml version="1.0" encoding="UTF-8"?>
<!-- Generated by org.testng.reporters.JUnitXMLReporter -->
<testsuite ignored="6" hostname="LAPTOP-8EGO1TKL" failures="0" tests="3" name="Test" time="0.083" errors="0" timestamp="2025-04-22T13:51:27 IST">
  <testcase classname="com.test.day3" name="delete" time="0.018"/>
  <testcase classname="com.test.day3" name="mobileLogOut" time="0.004"/>
  <testcase classname="com.test.day3" name="reset" time="0.002"/>
  <testcase classname="com.test.day4Annotations" name="Verify" time="0.0">
    <ignored/>
  </testcase> <!-- Verify -->
  <testcase classname="com.test.day2" name="personlaLoan" time="0.0">
    <ignored/>
  </testcase> <!-- personlaLoan -->
  <testcase classname="com.test.day3" name="mobileLoginIn" time="0.0">
    <ignored/>
  </testcase> <!-- mobileLoginIn -->
  <testcase classname="com.test.day1" name="Demo" time="0.0">
    <ignored/>
  </testcase> <!-- Demo -->
  <testcase classname="com.test.day3" name="mobileSignUp" time="0.0">
    <ignored/>
  </testcase> <!-- mobileSignUp -->
  <testcase classname="com.test.day1" name="secondTestCase" time="0.0">
    <ignored/>
  </testcase> <!-- secondTestCase -->
</testsuite> <!-- Test -->
