<?xml version="1.0" encoding="UTF-8"?>
<testng-results ignored="6" total="9" passed="3" failed="0" skipped="0">
  <reporter-output>
  </reporter-output>
  <suite started-at="2025-04-22T13:51:27 IST" name="Suite" finished-at="2025-04-22T13:51:27 IST" duration-ms="83">
    <groups>
      <group name="Smoke">
        <method signature="day3.delete()[pri:0, instance:com.test.day3@22ff4249]" name="delete" class="com.test.day3"/>
        <method signature="day3.mobileLogOut()[pri:0, instance:com.test.day3@22ff4249]" name="mobileLogOut" class="com.test.day3"/>
        <method signature="day3.reset()[pri:0, instance:com.test.day3@22ff4249]" name="reset" class="com.test.day3"/>
      </group> <!-- Smoke -->
    </groups>
    <test started-at="2025-04-22T13:51:27 IST" name="Test" finished-at="2025-04-22T13:51:27 IST" duration-ms="83">
      <class name="com.test.day3">
        <test-method signature="delete()[pri:0, instance:com.test.day3@22ff4249]" started-at="2025-04-22T13:51:27 IST" name="delete" finished-at="2025-04-22T13:51:27 IST" duration-ms="18" status="PASS">
          <reporter-output>
          </reporter-output>
        </test-method> <!-- delete -->
        <test-method signature="mobileLogOut()[pri:0, instance:com.test.day3@22ff4249]" started-at="2025-04-22T13:51:27 IST" name="mobileLogOut" finished-at="2025-04-22T13:51:27 IST" duration-ms="4" status="PASS">
          <reporter-output>
          </reporter-output>
        </test-method> <!-- mobileLogOut -->
        <test-method signature="reset()[pri:0, instance:com.test.day3@22ff4249]" started-at="2025-04-22T13:51:27 IST" name="reset" finished-at="2025-04-22T13:51:27 IST" duration-ms="2" status="PASS">
          <reporter-output>
          </reporter-output>
        </test-method> <!-- reset -->
      </class> <!-- com.test.day3 -->
    </test> <!-- Test -->
  </suite> <!-- Suite -->
</testng-results>
