<?xml version="1.0" encoding="UTF-8"?>
<testng-results ignored="0" total="3" passed="3" failed="0" skipped="0">
  <reporter-output>
  </reporter-output>
  <suite started-at="2025-04-20T19:03:05 IST" name="Suite" finished-at="2025-04-20T19:03:05 IST" duration-ms="63">
    <groups>
    </groups>
    <test started-at="2025-04-20T19:03:05 IST" name="Test" finished-at="2025-04-20T19:03:05 IST" duration-ms="63">
      <class name="com.test.day2">
        <test-method signature="personlaLoan()[pri:0, instance:com.test.day2@443118b0]" started-at="2025-04-20T19:03:05 IST" name="personlaLoan" finished-at="2025-04-20T19:03:05 IST" duration-ms="2" status="PASS">
          <reporter-output>
          </reporter-output>
        </test-method> <!-- personlaLoan -->
      </class> <!-- com.test.day2 -->
      <class name="com.test.day1">
        <test-method signature="Demo()[pri:0, instance:com.test.day1@78691363]" started-at="2025-04-20T19:03:05 IST" name="Demo" finished-at="2025-04-20T19:03:05 IST" duration-ms="9" status="PASS">
          <reporter-output>
          </reporter-output>
        </test-method> <!-- Demo -->
        <test-method signature="secondTestCase()[pri:0, instance:com.test.day1@78691363]" started-at="2025-04-20T19:03:05 IST" name="secondTestCase" finished-at="2025-04-20T19:03:05 IST" duration-ms="2" status="PASS">
          <reporter-output>
          </reporter-output>
        </test-method> <!-- secondTestCase -->
      </class> <!-- com.test.day1 -->
    </test> <!-- Test -->
  </suite> <!-- Suite -->
</testng-results>
